TN:
SF:/mnt/c/_udemy_courses/webcomponents/3_testing/3_4_karma_testing_setup/end/src/app-shell.js
FN:8,(anonymous_0)
FN:13,(anonymous_1)
FN:16,(anonymous_2)
FN:21,(anonymous_3)
FN:27,(anonymous_4)
FN:32,(anonymous_5)
FN:52,(anonymous_6)
FNF:7
FNH:7
FNDA:3,(anonymous_0)
FNDA:1,(anonymous_1)
FNDA:3,(anonymous_2)
FNDA:3,(anonymous_3)
FNDA:2,(anonymous_4)
FNDA:5,(anonymous_5)
FNDA:6,(anonymous_6)
DA:9,3
DA:11,3
DA:12,3
DA:13,3
DA:17,3
DA:18,3
DA:22,3
DA:23,0
DA:24,0
DA:28,2
DA:29,2
DA:33,5
DA:53,6
DA:65,1
LF:14
LH:12
BRDA:49,0,0,5
BRDA:49,0,1,0
BRF:2
BRH:1
end_of_record
TN:
SF:/mnt/c/_udemy_courses/webcomponents/3_testing/3_4_karma_testing_setup/end/src/profile-card.js
FN:5,(anonymous_0)
FN:10,(anonymous_1)
FN:17,(anonymous_2)
FN:45,(anonymous_3)
FN:49,(anonymous_4)
FNF:5
FNH:5
FNDA:9,(anonymous_0)
FNDA:1,(anonymous_1)
FNDA:21,(anonymous_2)
FNDA:1,(anonymous_3)
FNDA:12,(anonymous_4)
DA:6,9
DA:8,9
DA:10,9
DA:11,1
DA:18,21
DA:46,1
DA:50,12
DA:51,6
DA:52,6
DA:55,12
DA:59,1
LF:11
LH:11
BRDA:36,0,0,19
BRDA:36,0,1,2
BRDA:50,1,0,6
BRDA:50,1,1,6
BRDA:50,2,0,12
BRDA:50,2,1,6
BRF:6
BRH:6
end_of_record
TN:
SF:/mnt/c/_udemy_courses/webcomponents/3_testing/3_4_karma_testing_setup/end/src/profile-cards-animator.js
FN:4,(anonymous_0)
FN:7,(anonymous_1)
FN:10,(anonymous_2)
FN:13,(anonymous_3)
FN:26,(anonymous_4)
FN:31,(anonymous_5)
FNF:6
FNH:5
FNDA:5,(anonymous_0)
FNDA:5,(anonymous_1)
FNDA:5,(anonymous_2)
FNDA:6,(anonymous_3)
FNDA:0,(anonymous_4)
FNDA:5,(anonymous_5)
DA:5,5
DA:7,5
DA:11,5
DA:13,5
DA:14,6
DA:26,6
DA:32,5
DA:56,1
LF:8
LH:8
BRF:0
BRH:0
end_of_record
TN:
SF:/mnt/c/_udemy_courses/webcomponents/3_testing/3_4_karma_testing_setup/end/src/profile-dialog.js
FN:5,(anonymous_0)
FN:11,(anonymous_1)
FN:15,(anonymous_2)
FN:19,(anonymous_3)
FN:23,(anonymous_4)
FN:27,(anonymous_5)
FN:32,(anonymous_6)
FNF:7
FNH:6
FNDA:11,(anonymous_0)
FNDA:5,(anonymous_1)
FNDA:0,(anonymous_2)
FNDA:17,(anonymous_3)
FNDA:9,(anonymous_4)
FNDA:1,(anonymous_5)
FNDA:16,(anonymous_6)
DA:6,11
DA:7,11
DA:8,11
DA:12,5
DA:13,5
DA:14,5
DA:15,5
DA:16,5
DA:20,17
DA:24,9
DA:28,1
DA:29,1
DA:33,16
DA:93,1
LF:14
LH:14
BRDA:13,0,0,5
BRDA:13,0,1,3
BRDA:20,1,0,5
BRDA:20,1,1,12
BRDA:67,2,0,2
BRDA:67,2,1,14
BRF:6
BRH:6
end_of_record
TN:
SF:/mnt/c/_udemy_courses/webcomponents/3_testing/3_4_karma_testing_setup/end/src/shared-styles.js
FNF:0
FNH:0
DA:1,1
DA:2,1
DA:10,1
LF:3
LH:3
BRF:0
BRH:0
end_of_record
TN:
SF:/mnt/c/_udemy_courses/webcomponents/3_testing/3_4_karma_testing_setup/end/src/template-renderer.js
FN:2,(anonymous_0)
FN:7,(anonymous_1)
FNF:2
FNH:2
FNDA:28,(anonymous_0)
FNDA:47,(anonymous_1)
DA:3,28
DA:4,28
DA:8,47
DA:9,5
DA:11,42
LF:5
LH:5
BRDA:3,0,0,25
BRDA:3,0,1,3
BRDA:8,1,0,5
BRDA:8,1,1,42
BRDA:9,2,0,5
BRDA:9,2,1,5
BRDA:11,3,0,42
BRDA:11,3,1,42
BRF:8
BRH:8
end_of_record
TN:
SF:/mnt/c/_udemy_courses/webcomponents/3_testing/3_4_karma_testing_setup/end/test/_mocks.js
FNF:0
FNH:0
DA:1,1
DA:54,1
LF:2
LH:2
BRF:0
BRH:0
end_of_record
